<?xml version="1.0" encoding="UTF-8"?>
<coverage generated="1661902662004" clover="3.2.0">
  <project timestamp="1661902662004" name="All files">
    <metrics statements="12" coveredstatements="12" conditionals="6" coveredconditionals="6" methods="7" coveredmethods="7" elements="25" coveredelements="25" complexity="0" loc="12" ncloc="12" packages="1" files="3" classes="3"/>
    <file name="calculator.js" path="C:\Users\gusta\Desktop\Microverse\Testing practice\Testing-practice\calculator.js">
      <metrics statements="5" coveredstatements="5" conditionals="2" coveredconditionals="2" methods="4" coveredmethods="4"/>
      <line num="1" count="1" type="stmt"/>
      <line num="2" count="4" type="stmt"/>
      <line num="3" count="4" type="stmt"/>
      <line num="4" count="4" type="cond" truecount="2" falsecount="0"/>
      <line num="5" count="4" type="stmt"/>
    </file>
    <file name="capitalize.js" path="C:\Users\gusta\Desktop\Microverse\Testing practice\Testing-practice\capitalize.js">
      <metrics statements="2" coveredstatements="2" conditionals="0" coveredconditionals="0" methods="1" coveredmethods="1"/>
      <line num="1" count="1" type="stmt"/>
      <line num="2" count="1" type="stmt"/>
    </file>
    <file name="testing.js" path="C:\Users\gusta\Desktop\Microverse\Testing practice\Testing-practice\testing.js">
      <metrics statements="5" coveredstatements="5" conditionals="4" coveredconditionals="4" methods="2" coveredmethods="2"/>
      <line num="2" count="3" type="cond" truecount="2" falsecount="0"/>
      <line num="3" count="2" type="cond" truecount="2" falsecount="0"/>
      <line num="4" count="1" type="stmt"/>
      <line num="10" count="1" type="stmt"/>
      <line num="11" count="1" type="stmt"/>
    </file>
  </project>
</coverage>
