TN:
SF:calculator.js
FN:2,(anonymous_0)
FN:3,(anonymous_1)
FN:4,(anonymous_2)
FN:5,(anonymous_3)
FNF:4
FNH:4
FNDA:4,(anonymous_0)
FNDA:4,(anonymous_1)
FNDA:4,(anonymous_2)
FNDA:4,(anonymous_3)
DA:1,1
DA:2,4
DA:3,4
DA:4,4
DA:5,4
LF:5
LH:5
BRDA:4,0,0,3
BRDA:4,0,1,1
BRF:2
BRH:2
end_of_record
TN:
SF:capitalize.js
FN:1,(anonymous_0)
FNF:1
FNH:1
FNDA:1,(anonymous_0)
DA:1,1
DA:2,1
LF:2
LH:2
BRF:0
BRH:0
end_of_record
TN:
SF:testing.js
FN:1,stringLength
FN:9,reverseString
FNF:2
FNH:2
FNDA:3,stringLength
FNDA:1,reverseString
DA:2,3
DA:3,2
DA:4,1
DA:10,1
DA:11,1
LF:5
LH:5
BRDA:2,0,0,1
BRDA:2,0,1,2
BRDA:3,1,0,1
BRDA:3,1,1,1
BRF:4
BRH:4
end_of_record
